SF:lib\features\conversion\domain\entities\conversion_quote.dart
DA:4,3
DA:12,1
DA:13,3
LF:3
LH:3
end_of_record
SF:lib\features\conversion\domain\usecases\get_conversion_quote_usecase.dart
DA:6,1
DA:10,1
DA:11,2
DA:12,1
DA:13,1
DA:14,1
DA:15,1
DA:16,1
DA:22,3
DA:36,0
DA:37,0
DA:38,0
DA:39,0
DA:40,0
DA:41,0
DA:42,0
LF:16
LH:9
end_of_record
SF:lib\core\errors\api_exception.dart
DA:2,3
LF:1
LH:1
end_of_record
SF:lib\core\services\conversion_api_service.dart
DA:30,0
DA:37,0
DA:38,0
DA:39,0
DA:42,0
LF:5
LH:0
end_of_record
SF:lib\features\conversion\data\datasources\conversion_remote_datasource.dart
DA:17,0
DA:26,0
DA:35,0
DA:43,0
DA:44,0
DA:48,0
DA:49,0
DA:50,0
DA:51,0
DA:52,0
LF:10
LH:0
end_of_record
SF:lib\features\conversion\data\models\conversion_response_model.dart
DA:2,1
DA:4,0
DA:5,0
DA:6,0
DA:7,0
DA:8,0
LF:6
LH:1
end_of_record
SF:lib\features\conversion\data\repositories\conversion_repository_impl.dart
DA:8,1
DA:12,1
DA:21,2
DA:29,1
DA:30,3
DA:31,0
DA:33,1
DA:34,1
DA:37,1
DA:38,2
LF:10
LH:9
end_of_record
SF:lib\features\conversion\domain\failures\conversion_failure.dart
DA:4,1
DA:8,0
DA:9,0
LF:3
LH:1
end_of_record
SF:lib\features\conversion\presentation\bloc\conversion_bloc.dart
DA:9,2
DA:10,2
DA:11,2
DA:13,2
DA:14,2
DA:18,4
DA:19,4
DA:20,4
DA:21,4
DA:22,4
DA:27,1
DA:31,1
DA:34,0
DA:38,0
DA:39,0
DA:40,0
DA:41,0
DA:48,0
DA:52,0
DA:53,0
DA:54,0
DA:61,1
DA:62,1
DA:63,2
DA:64,1
DA:71,2
DA:75,6
DA:76,2
DA:77,1
DA:78,2
DA:86,6
DA:88,4
DA:89,2
DA:90,4
DA:91,2
DA:92,6
DA:94,6
DA:97,6
DA:98,0
DA:99,0
DA:100,0
DA:102,0
LF:42
LH:29
end_of_record
SF:lib\features\conversion\presentation\bloc\conversion_event.dart
DA:5,1
DA:7,0
DA:8,0
DA:12,0
DA:16,0
DA:17,0
DA:21,0
DA:25,0
DA:26,0
DA:30,1
DA:34,0
DA:35,0
DA:39,1
DA:44,0
LF:14
LH:3
end_of_record
SF:lib\features\conversion\presentation\bloc\conversion_state.dart
DA:6,2
DA:25,8
DA:27,2
DA:38,2
DA:39,2
DA:40,2
DA:41,2
DA:42,2
DA:43,2
DA:44,0
DA:45,1
DA:49,2
DA:50,2
DA:51,2
DA:52,2
DA:53,2
DA:54,2
DA:55,2
DA:56,2
DA:57,2
LF:20
LH:19
end_of_record
SF:lib\core\utils\currency_catalog.dart
DA:46,2
DA:47,8
LF:2
LH:2
end_of_record
SF:lib\features\conversion\domain\entities\currency.dart
DA:6,1
DA:22,2
DA:23,12
LF:3
LH:3
end_of_record
SF:lib\features\conversion\presentation\pages\conversion_page.dart
DA:10,1
DA:12,1
DA:13,1
DA:19,1
DA:21,1
DA:22,2
DA:23,3
DA:24,1
DA:25,3
DA:30,1
DA:32,2
DA:33,1
DA:36,1
DA:38,1
DA:39,1
DA:40,1
DA:42,1
DA:43,1
DA:44,1
DA:46,1
DA:47,1
DA:48,1
DA:50,1
DA:52,1
DA:53,2
DA:54,1
DA:56,2
DA:58,1
DA:59,0
DA:61,0
DA:62,0
DA:68,1
DA:69,1
DA:71,2
DA:72,1
DA:74,2
DA:76,1
DA:77,0
DA:79,0
DA:80,0
DA:86,1
DA:87,1
DA:92,0
DA:93,0
DA:97,1
DA:98,1
DA:100,0
DA:101,0
DA:108,1
DA:109,0
DA:110,1
DA:111,0
DA:112,0
DA:115,1
DA:116,2
DA:117,3
DA:118,3
DA:119,3
LF:58
LH:45
end_of_record
